


ARM Macro Assembler    Page 1 


    1 00000000         ;//-------- <<< Use Configuration Wizard in Context Menu
                        >>> ------------------
    2 00000000         ;*/
    3 00000000         
    4 00000000         
    5 00000000         ; <h> Stack Configuration
    6 00000000         ;   <o> Stack Size (in Bytes) <0x0-0xFFFFFFFF:8>
    7 00000000         ; </h>
    8 00000000         
    9 00000000 00000800 
                       Stack_Size
                               EQU              0x00000800
   10 00000000         
   11 00000000                 AREA             STACK, NOINIT, READWRITE, ALIGN
=3
   12 00000000         Stack_Mem
                               SPACE            Stack_Size
   13 00000800         __initial_sp
   14 00000800         
   15 00000800         
   16 00000800         ; <h> Heap Configuration
   17 00000800         ;   <o>  Heap Size (in Bytes) <0x0-0xFFFFFFFF:8>
   18 00000800         ; </h>
   19 00000800         
   20 00000800 00000800 
                       Heap_Size
                               EQU              0x00000800
   21 00000800         
   22 00000800                 AREA             HEAP, NOINIT, READWRITE, ALIGN=
3
   23 00000000         __heap_base
   24 00000000         Heap_Mem
                               SPACE            Heap_Size
   25 00000800         __heap_limit
   26 00000800         
   27 00000800                 PRESERVE8
   28 00000800                 THUMB
   29 00000800         
   30 00000800         
   31 00000800         ; Vector Table Mapped to Address 0 at Reset
   32 00000800         
   33 00000800                 AREA             RESET, DATA, READONLY
   34 00000000                 EXPORT           __Vectors
   35 00000000                 EXPORT           __Vectors_End
   36 00000000                 EXPORT           __Vectors_Size
   37 00000000         
   38 00000000 00000000 
                       __Vectors
                               DCD              __initial_sp ; Top of Stack
   39 00000004 00000000        DCD              Reset_Handler ; Reset Handler
   40 00000008 00000000        DCD              NMI_Handler ; NMI Handler
   41 0000000C 00000000        DCD              HardFault_Handler ; Hard Fault 
                                                            Handler
   42 00000010 00000000        DCD              0           ; Reserved
   43 00000014 00000000        DCD              0           ; Reserved
   44 00000018 00000000        DCD              0           ; Reserved
   45 0000001C 00000000        DCD              0           ; Reserved
   46 00000020 00000000        DCD              0           ; Reserved
   47 00000024 00000000        DCD              0           ; Reserved



ARM Macro Assembler    Page 2 


   48 00000028 00000000        DCD              0           ; Reserved
   49 0000002C 00000000        DCD              SVC_Handler ; SVCall Handler
   50 00000030 00000000        DCD              0           ; Reserved
   51 00000034 00000000        DCD              0           ; Reserved
   52 00000038 00000000        DCD              PendSV_Handler ; PendSV Handler
                                                            
   53 0000003C 00000000        DCD              SysTick_Handler 
                                                            ; SysTick Handler
   54 00000040         
   55 00000040         ; External Interrupts
   56 00000040 00000000        DCD              WDT_IRQHandler 
                                                            ; 0:  IWDT &  WWDT
   57 00000044 00000000        DCD              SVD_IRQHandler ; 1:  SVD     
   58 00000048 00000000        DCD              RTC_IRQHandler ; 2:  RTC     
   59 0000004C 00000000        DCD              FLASH_IRQHandler 
                                                            ; 3:  FLASH    
   60 00000050 00000000        DCD              FDET_IRQHandler ; 4:  FDET    
   61 00000054 00000000        DCD              ADC_IRQHandler ; 5:  ADC    
   62 00000058 00000000        DCD              RAMP_IRQHandler ; 6:  RAMP
   63 0000005C 00000000        DCD              SPI0_IRQHandler ; 7:  SPI0     
                                                            
   64 00000060 00000000        DCD              SPI1_IRQHandler ; 8:  SPI1
   65 00000064 00000000        DCD              DAC_IRQHandler ; 9:  DAC    
   66 00000068 00000000        DCD              UART0_IRQHandler 
                                                            ; 10:  UART0    
   67 0000006C 00000000        DCD              UART1_IRQHandler ; 11:  UART1  
                                                                  
   68 00000070 00000000        DCD              UART2_IRQHandler 
                                                            ; 12:  UART2    
   69 00000074 00000000        DCD              UART3_IRQHandler 
                                                            ; 13:  UART3    
   70 00000078 00000000        DCD              UART4_IRQHandler ; 14:  UART4  
                                                                  
   71 0000007C 00000000        DCD              FSCAN_IRQHandler 
                                                            ; 15:  FSCAN    
   72 00000080 00000000        DCD              LPUARTx_IRQHandler 
                                                            ; 16:  LPUART    
   73 00000084 00000000        DCD              I2CSMBx_IRQHandler 
                                                            ; 17:  I2Cx    
   74 00000088 00000000        DCD              CLM_PGL_IRQHandler 
                                                            ; 18:  CLM_PGL    
   75 0000008C 00000000        DCD              AES_IRQHandler ; 19:  AES    
   76 00000090 00000000        DCD              LPTIM16_IRQHandler 
                                                            ; 20:  LPTIM16    
   77 00000094 00000000        DCD              DMA_IRQHandler ; 21:  DMA    
   78 00000098 00000000        DCD              WKUPx_IRQHandler 
                                                            ; 22:  WKUP    
   79 0000009C 00000000        DCD              SENTx_IRQHandler 
                                                            ; 23:  SENT    
   80 000000A0 00000000        DCD              BSTIM16_IRQHandler 
                                                            ; 24:  BSTIM16
   81 000000A4 00000000        DCD              COMPx_IRQHandler ; 25:  COMPx
   82 000000A8 00000000        DCD              GPTIM0_IRQHandler 
                                                            ; 26:  GPTIM0    
   83 000000AC 00000000        DCD              GPTIM1_IRQHandler 
                                                            ; 27:  GPTIM1    
   84 000000B0 00000000        DCD              ATIM_IRQHandler ; 28:  ATIM    
                                                            
   85 000000B4 00000000        DCD              TAU0_IRQHandler ; 29:  TAU0    



ARM Macro Assembler    Page 3 


                                                            
   86 000000B8 00000000        DCD              GPIO_IRQHandler ; 30:  GPIO
   87 000000BC 00000000        DCD              LED_LCD_IRQHandler 
                                                            ; 31:  LED_LCD
   88 000000C0         __Vectors_End
   89 000000C0         
   90 000000C0 000000C0 
                       __Vectors_Size
                               EQU              __Vectors_End - __Vectors
   91 000000C0         
   92 000000C0                 AREA             |.text|, CODE, READONLY
   93 00000000         
   94 00000000         
   95 00000000         ; Reset Handler
   96 00000000         
   97 00000000         Reset_Handler
                               PROC
   98 00000000                 EXPORT           Reset_Handler             [WEAK
]
   99 00000000         ;IMPORT  SystemInit
  100 00000000                 IMPORT           __main
  101 00000000         ;LDR     R0, =SystemInit
  102 00000000         ;BLX     R0        
  103 00000000 4806            LDR              R0, =__main
  104 00000002 4700            BX               R0
  105 00000004                 ENDP
  106 00000004         
  107 00000004         
  108 00000004         ; Dummy Exception Handlers (infinite loops which can be 
                       modified)
  109 00000004         
  110 00000004         NMI_Handler
                               PROC
  111 00000004                 EXPORT           NMI_Handler               [WEAK
]
  112 00000004 E7FE            B                .
  113 00000006                 ENDP
  115 00000006         HardFault_Handler
                               PROC
  116 00000006                 EXPORT           HardFault_Handler         [WEAK
]
  117 00000006 E7FE            B                .
  118 00000008                 ENDP
  119 00000008         SVC_Handler
                               PROC
  120 00000008                 EXPORT           SVC_Handler               [WEAK
]
  121 00000008 E7FE            B                .
  122 0000000A                 ENDP
  123 0000000A         PendSV_Handler
                               PROC
  124 0000000A                 EXPORT           PendSV_Handler            [WEAK
]
  125 0000000A E7FE            B                .
  126 0000000C                 ENDP
  127 0000000C         SysTick_Handler
                               PROC
  128 0000000C                 EXPORT           SysTick_Handler           [WEAK
]



ARM Macro Assembler    Page 4 


  129 0000000C E7FE            B                .
  130 0000000E                 ENDP
  131 0000000E         
  132 0000000E         Default_Handler
                               PROC
  133 0000000E                 EXPORT           LED_LCD_IRQHandler        [WEAK
]
  134 0000000E                 EXPORT           GPIO_IRQHandler           [WEAK
]
  135 0000000E                 EXPORT           TAU0_IRQHandler           [WEAK
]
  136 0000000E                 EXPORT           ATIM_IRQHandler           [WEAK
]
  137 0000000E                 EXPORT           GPTIM1_IRQHandler         [WEAK
]
  138 0000000E                 EXPORT           GPTIM0_IRQHandler         [WEAK
]
  139 0000000E                 EXPORT           COMPx_IRQHandler          [WEAK
]
  140 0000000E                 EXPORT           BSTIM16_IRQHandler          [WE
AK]
  141 0000000E                 EXPORT           SENTx_IRQHandler          [WEAK
]
  142 0000000E                 EXPORT           WKUPx_IRQHandler           [WEA
K]
  143 0000000E                 EXPORT           DMA_IRQHandler            [WEAK
]
  144 0000000E                 EXPORT           LPTIM16_IRQHandler          [WE
AK]
  145 0000000E                 EXPORT           AES_IRQHandler            [WEAK
]
  146 0000000E                 EXPORT           CLM_PGL_IRQHandler        [WEAK
]
  147 0000000E                 EXPORT           I2CSMBx_IRQHandler           [W
EAK]
  148 0000000E                 EXPORT           LPUARTx_IRQHandler        [WEAK
]
  149 0000000E                 EXPORT           FSCAN_IRQHandler          [WEAK
]
  150 0000000E                 EXPORT           UART4_IRQHandler          [WEAK
]
  151 0000000E                 EXPORT           UART3_IRQHandler          [WEAK
]
  152 0000000E                 EXPORT           UART2_IRQHandler          [WEAK
]
  153 0000000E                 EXPORT           UART1_IRQHandler          [WEAK
]
  154 0000000E                 EXPORT           UART0_IRQHandler          [WEAK
]
  155 0000000E                 EXPORT           DAC_IRQHandler            [WEAK
]
  156 0000000E                 EXPORT           SPI1_IRQHandler           [WEAK
]
  157 0000000E                 EXPORT           SPI0_IRQHandler           [WEAK
]
  158 0000000E                 EXPORT           RAMP_IRQHandler           [WEAK
]
  159 0000000E                 EXPORT           ADC_IRQHandler            [WEAK
]



ARM Macro Assembler    Page 5 


  160 0000000E                 EXPORT           FDET_IRQHandler          [WEAK]
  161 0000000E                 EXPORT           FLASH_IRQHandler          [WEAK
]
  162 0000000E                 EXPORT           RTC_IRQHandler            [WEAK
]
  163 0000000E                 EXPORT           SVD_IRQHandler            [WEAK
]
  164 0000000E                 EXPORT           WDT_IRQHandler            [WEAK
]
  165 0000000E         
  166 0000000E         LED_LCD_IRQHandler
  167 0000000E         GPIO_IRQHandler
  168 0000000E         TAU0_IRQHandler
  169 0000000E         ATIM_IRQHandler
  170 0000000E         GPTIM1_IRQHandler
  171 0000000E         GPTIM0_IRQHandler
  172 0000000E         COMPx_IRQHandler
  173 0000000E         BSTIM16_IRQHandler
  174 0000000E         SENTx_IRQHandler
  175 0000000E         WKUPx_IRQHandler
  176 0000000E         DMA_IRQHandler
  177 0000000E         LPTIM16_IRQHandler
  178 0000000E         AES_IRQHandler
  179 0000000E         CLM_PGL_IRQHandler
  180 0000000E         I2CSMBx_IRQHandler
  181 0000000E         LPUARTx_IRQHandler
  182 0000000E         FSCAN_IRQHandler
  183 0000000E         UART4_IRQHandler
  184 0000000E         UART3_IRQHandler
  185 0000000E         UART2_IRQHandler
  186 0000000E         UART1_IRQHandler
  187 0000000E         UART0_IRQHandler
  188 0000000E         DAC_IRQHandler
  189 0000000E         SPI1_IRQHandler
  190 0000000E         SPI0_IRQHandler
  191 0000000E         RAMP_IRQHandler
  192 0000000E         ADC_IRQHandler
  193 0000000E         FDET_IRQHandler
  194 0000000E         FLASH_IRQHandler
  195 0000000E         RTC_IRQHandler
  196 0000000E         SVD_IRQHandler
  197 0000000E         WDT_IRQHandler
  198 0000000E         
  199 0000000E E7FE            B                .
  200 00000010                 ENDP
  201 00000010         
  202 00000010         
  203 00000010                 ALIGN
  204 00000010         
  205 00000010         
  206 00000010         ; User Initial Stack & Heap
  207 00000010         
  208 00000010                 IF               :DEF:__MICROLIB
  215 00000010         
  216 00000010                 IMPORT           __use_two_region_memory
  217 00000010                 EXPORT           __user_initial_stackheap
  218 00000010         __user_initial_stackheap
  219 00000010         
  220 00000010 4803            LDR              R0, =  Heap_Mem



ARM Macro Assembler    Page 6 


  221 00000012 4904            LDR              R1, =(Stack_Mem + Stack_Size)
  222 00000014 4A04            LDR              R2, = (Heap_Mem +  Heap_Size)
  223 00000016 4B05            LDR              R3, = Stack_Mem
  224 00000018 4770            BX               LR
  225 0000001A         
  226 0000001A 00 00           ALIGN
  227 0000001C         
  228 0000001C                 ENDIF
  229 0000001C         
  230 0000001C         
  231 0000001C                 END
              00000000 
              00000000 
              00000800 
              00000800 
              00000000 
Command Line: --16 --debug --xref --diag_suppress=9931 --cpu=Cortex-M0 --apcs=i
nterwork --depend=.\objects\startup_fm33lf0xx.d -o.\objects\startup_fm33lf0xx.o
 -ID:\Keil_v5\Pack\FMSH\FM33LF0XX_DFP\2.0.1\Device\Include -ID:\Keil_v5\ARM\CMS
IS\Include --predefine="__UVISION_VERSION SETA 538" --predefine="FM33LF0xx SETA
 1" --list=.\listings\startup_fm33lf0xx.lst User\startup_fm33lf0xx.s



ARM Macro Assembler    Page 1 Alphabetic symbol ordering
Relocatable symbols

STACK 00000000

Symbol: STACK
   Definitions
      At line 11 in file User\startup_fm33lf0xx.s
   Uses
      None
Comment: STACK unused
Stack_Mem 00000000

Symbol: Stack_Mem
   Definitions
      At line 12 in file User\startup_fm33lf0xx.s
   Uses
      At line 221 in file User\startup_fm33lf0xx.s
      At line 223 in file User\startup_fm33lf0xx.s

__initial_sp 00000800

Symbol: __initial_sp
   Definitions
      At line 13 in file User\startup_fm33lf0xx.s
   Uses
      At line 38 in file User\startup_fm33lf0xx.s
Comment: __initial_sp used once
3 symbols



ARM Macro Assembler    Page 1 Alphabetic symbol ordering
Relocatable symbols

HEAP 00000000

Symbol: HEAP
   Definitions
      At line 22 in file User\startup_fm33lf0xx.s
   Uses
      None
Comment: HEAP unused
Heap_Mem 00000000

Symbol: Heap_Mem
   Definitions
      At line 24 in file User\startup_fm33lf0xx.s
   Uses
      At line 220 in file User\startup_fm33lf0xx.s
      At line 222 in file User\startup_fm33lf0xx.s

__heap_base 00000000

Symbol: __heap_base
   Definitions
      At line 23 in file User\startup_fm33lf0xx.s
   Uses
      None
Comment: __heap_base unused
__heap_limit 00000800

Symbol: __heap_limit
   Definitions
      At line 25 in file User\startup_fm33lf0xx.s
   Uses
      None
Comment: __heap_limit unused
4 symbols



ARM Macro Assembler    Page 1 Alphabetic symbol ordering
Relocatable symbols

RESET 00000000

Symbol: RESET
   Definitions
      At line 33 in file User\startup_fm33lf0xx.s
   Uses
      None
Comment: RESET unused
__Vectors 00000000

Symbol: __Vectors
   Definitions
      At line 38 in file User\startup_fm33lf0xx.s
   Uses
      At line 34 in file User\startup_fm33lf0xx.s
      At line 90 in file User\startup_fm33lf0xx.s

__Vectors_End 000000C0

Symbol: __Vectors_End
   Definitions
      At line 88 in file User\startup_fm33lf0xx.s
   Uses
      At line 35 in file User\startup_fm33lf0xx.s
      At line 90 in file User\startup_fm33lf0xx.s

3 symbols



ARM Macro Assembler    Page 1 Alphabetic symbol ordering
Relocatable symbols

.text 00000000

Symbol: .text
   Definitions
      At line 92 in file User\startup_fm33lf0xx.s
   Uses
      None
Comment: .text unused
ADC_IRQHandler 0000000E

Symbol: ADC_IRQHandler
   Definitions
      At line 192 in file User\startup_fm33lf0xx.s
   Uses
      At line 61 in file User\startup_fm33lf0xx.s
      At line 159 in file User\startup_fm33lf0xx.s

AES_IRQHandler 0000000E

Symbol: AES_IRQHandler
   Definitions
      At line 178 in file User\startup_fm33lf0xx.s
   Uses
      At line 75 in file User\startup_fm33lf0xx.s
      At line 145 in file User\startup_fm33lf0xx.s

ATIM_IRQHandler 0000000E

Symbol: ATIM_IRQHandler
   Definitions
      At line 169 in file User\startup_fm33lf0xx.s
   Uses
      At line 84 in file User\startup_fm33lf0xx.s
      At line 136 in file User\startup_fm33lf0xx.s

BSTIM16_IRQHandler 0000000E

Symbol: BSTIM16_IRQHandler
   Definitions
      At line 173 in file User\startup_fm33lf0xx.s
   Uses
      At line 80 in file User\startup_fm33lf0xx.s
      At line 140 in file User\startup_fm33lf0xx.s

CLM_PGL_IRQHandler 0000000E

Symbol: CLM_PGL_IRQHandler
   Definitions
      At line 179 in file User\startup_fm33lf0xx.s
   Uses
      At line 74 in file User\startup_fm33lf0xx.s
      At line 146 in file User\startup_fm33lf0xx.s

COMPx_IRQHandler 0000000E

Symbol: COMPx_IRQHandler
   Definitions
      At line 172 in file User\startup_fm33lf0xx.s
   Uses



ARM Macro Assembler    Page 2 Alphabetic symbol ordering
Relocatable symbols

      At line 81 in file User\startup_fm33lf0xx.s
      At line 139 in file User\startup_fm33lf0xx.s

DAC_IRQHandler 0000000E

Symbol: DAC_IRQHandler
   Definitions
      At line 188 in file User\startup_fm33lf0xx.s
   Uses
      At line 65 in file User\startup_fm33lf0xx.s
      At line 155 in file User\startup_fm33lf0xx.s

DMA_IRQHandler 0000000E

Symbol: DMA_IRQHandler
   Definitions
      At line 176 in file User\startup_fm33lf0xx.s
   Uses
      At line 77 in file User\startup_fm33lf0xx.s
      At line 143 in file User\startup_fm33lf0xx.s

Default_Handler 0000000E

Symbol: Default_Handler
   Definitions
      At line 132 in file User\startup_fm33lf0xx.s
   Uses
      None
Comment: Default_Handler unused
FDET_IRQHandler 0000000E

Symbol: FDET_IRQHandler
   Definitions
      At line 193 in file User\startup_fm33lf0xx.s
   Uses
      At line 60 in file User\startup_fm33lf0xx.s
      At line 160 in file User\startup_fm33lf0xx.s

FLASH_IRQHandler 0000000E

Symbol: FLASH_IRQHandler
   Definitions
      At line 194 in file User\startup_fm33lf0xx.s
   Uses
      At line 59 in file User\startup_fm33lf0xx.s
      At line 161 in file User\startup_fm33lf0xx.s

FSCAN_IRQHandler 0000000E

Symbol: FSCAN_IRQHandler
   Definitions
      At line 182 in file User\startup_fm33lf0xx.s
   Uses
      At line 71 in file User\startup_fm33lf0xx.s
      At line 149 in file User\startup_fm33lf0xx.s

GPIO_IRQHandler 0000000E

Symbol: GPIO_IRQHandler



ARM Macro Assembler    Page 3 Alphabetic symbol ordering
Relocatable symbols

   Definitions
      At line 167 in file User\startup_fm33lf0xx.s
   Uses
      At line 86 in file User\startup_fm33lf0xx.s
      At line 134 in file User\startup_fm33lf0xx.s

GPTIM0_IRQHandler 0000000E

Symbol: GPTIM0_IRQHandler
   Definitions
      At line 171 in file User\startup_fm33lf0xx.s
   Uses
      At line 82 in file User\startup_fm33lf0xx.s
      At line 138 in file User\startup_fm33lf0xx.s

GPTIM1_IRQHandler 0000000E

Symbol: GPTIM1_IRQHandler
   Definitions
      At line 170 in file User\startup_fm33lf0xx.s
   Uses
      At line 83 in file User\startup_fm33lf0xx.s
      At line 137 in file User\startup_fm33lf0xx.s

HardFault_Handler 00000006

Symbol: HardFault_Handler
   Definitions
      At line 115 in file User\startup_fm33lf0xx.s
   Uses
      At line 41 in file User\startup_fm33lf0xx.s
      At line 116 in file User\startup_fm33lf0xx.s

I2CSMBx_IRQHandler 0000000E

Symbol: I2CSMBx_IRQHandler
   Definitions
      At line 180 in file User\startup_fm33lf0xx.s
   Uses
      At line 73 in file User\startup_fm33lf0xx.s
      At line 147 in file User\startup_fm33lf0xx.s

LED_LCD_IRQHandler 0000000E

Symbol: LED_LCD_IRQHandler
   Definitions
      At line 166 in file User\startup_fm33lf0xx.s
   Uses
      At line 87 in file User\startup_fm33lf0xx.s
      At line 133 in file User\startup_fm33lf0xx.s

LPTIM16_IRQHandler 0000000E

Symbol: LPTIM16_IRQHandler
   Definitions
      At line 177 in file User\startup_fm33lf0xx.s
   Uses
      At line 76 in file User\startup_fm33lf0xx.s
      At line 144 in file User\startup_fm33lf0xx.s



ARM Macro Assembler    Page 4 Alphabetic symbol ordering
Relocatable symbols


LPUARTx_IRQHandler 0000000E

Symbol: LPUARTx_IRQHandler
   Definitions
      At line 181 in file User\startup_fm33lf0xx.s
   Uses
      At line 72 in file User\startup_fm33lf0xx.s
      At line 148 in file User\startup_fm33lf0xx.s

NMI_Handler 00000004

Symbol: NMI_Handler
   Definitions
      At line 110 in file User\startup_fm33lf0xx.s
   Uses
      At line 40 in file User\startup_fm33lf0xx.s
      At line 111 in file User\startup_fm33lf0xx.s

PendSV_Handler 0000000A

Symbol: PendSV_Handler
   Definitions
      At line 123 in file User\startup_fm33lf0xx.s
   Uses
      At line 52 in file User\startup_fm33lf0xx.s
      At line 124 in file User\startup_fm33lf0xx.s

RAMP_IRQHandler 0000000E

Symbol: RAMP_IRQHandler
   Definitions
      At line 191 in file User\startup_fm33lf0xx.s
   Uses
      At line 62 in file User\startup_fm33lf0xx.s
      At line 158 in file User\startup_fm33lf0xx.s

RTC_IRQHandler 0000000E

Symbol: RTC_IRQHandler
   Definitions
      At line 195 in file User\startup_fm33lf0xx.s
   Uses
      At line 58 in file User\startup_fm33lf0xx.s
      At line 162 in file User\startup_fm33lf0xx.s

Reset_Handler 00000000

Symbol: Reset_Handler
   Definitions
      At line 97 in file User\startup_fm33lf0xx.s
   Uses
      At line 39 in file User\startup_fm33lf0xx.s
      At line 98 in file User\startup_fm33lf0xx.s

SENTx_IRQHandler 0000000E

Symbol: SENTx_IRQHandler
   Definitions



ARM Macro Assembler    Page 5 Alphabetic symbol ordering
Relocatable symbols

      At line 174 in file User\startup_fm33lf0xx.s
   Uses
      At line 79 in file User\startup_fm33lf0xx.s
      At line 141 in file User\startup_fm33lf0xx.s

SPI0_IRQHandler 0000000E

Symbol: SPI0_IRQHandler
   Definitions
      At line 190 in file User\startup_fm33lf0xx.s
   Uses
      At line 63 in file User\startup_fm33lf0xx.s
      At line 157 in file User\startup_fm33lf0xx.s

SPI1_IRQHandler 0000000E

Symbol: SPI1_IRQHandler
   Definitions
      At line 189 in file User\startup_fm33lf0xx.s
   Uses
      At line 64 in file User\startup_fm33lf0xx.s
      At line 156 in file User\startup_fm33lf0xx.s

SVC_Handler 00000008

Symbol: SVC_Handler
   Definitions
      At line 119 in file User\startup_fm33lf0xx.s
   Uses
      At line 49 in file User\startup_fm33lf0xx.s
      At line 120 in file User\startup_fm33lf0xx.s

SVD_IRQHandler 0000000E

Symbol: SVD_IRQHandler
   Definitions
      At line 196 in file User\startup_fm33lf0xx.s
   Uses
      At line 57 in file User\startup_fm33lf0xx.s
      At line 163 in file User\startup_fm33lf0xx.s

SysTick_Handler 0000000C

Symbol: SysTick_Handler
   Definitions
      At line 127 in file User\startup_fm33lf0xx.s
   Uses
      At line 53 in file User\startup_fm33lf0xx.s
      At line 128 in file User\startup_fm33lf0xx.s

TAU0_IRQHandler 0000000E

Symbol: TAU0_IRQHandler
   Definitions
      At line 168 in file User\startup_fm33lf0xx.s
   Uses
      At line 85 in file User\startup_fm33lf0xx.s
      At line 135 in file User\startup_fm33lf0xx.s




ARM Macro Assembler    Page 6 Alphabetic symbol ordering
Relocatable symbols

UART0_IRQHandler 0000000E

Symbol: UART0_IRQHandler
   Definitions
      At line 187 in file User\startup_fm33lf0xx.s
   Uses
      At line 66 in file User\startup_fm33lf0xx.s
      At line 154 in file User\startup_fm33lf0xx.s

UART1_IRQHandler 0000000E

Symbol: UART1_IRQHandler
   Definitions
      At line 186 in file User\startup_fm33lf0xx.s
   Uses
      At line 67 in file User\startup_fm33lf0xx.s
      At line 153 in file User\startup_fm33lf0xx.s

UART2_IRQHandler 0000000E

Symbol: UART2_IRQHandler
   Definitions
      At line 185 in file User\startup_fm33lf0xx.s
   Uses
      At line 68 in file User\startup_fm33lf0xx.s
      At line 152 in file User\startup_fm33lf0xx.s

UART3_IRQHandler 0000000E

Symbol: UART3_IRQHandler
   Definitions
      At line 184 in file User\startup_fm33lf0xx.s
   Uses
      At line 69 in file User\startup_fm33lf0xx.s
      At line 151 in file User\startup_fm33lf0xx.s

UART4_IRQHandler 0000000E

Symbol: UART4_IRQHandler
   Definitions
      At line 183 in file User\startup_fm33lf0xx.s
   Uses
      At line 70 in file User\startup_fm33lf0xx.s
      At line 150 in file User\startup_fm33lf0xx.s

WDT_IRQHandler 0000000E

Symbol: WDT_IRQHandler
   Definitions
      At line 197 in file User\startup_fm33lf0xx.s
   Uses
      At line 56 in file User\startup_fm33lf0xx.s
      At line 164 in file User\startup_fm33lf0xx.s

WKUPx_IRQHandler 0000000E

Symbol: WKUPx_IRQHandler
   Definitions
      At line 175 in file User\startup_fm33lf0xx.s



ARM Macro Assembler    Page 7 Alphabetic symbol ordering
Relocatable symbols

   Uses
      At line 78 in file User\startup_fm33lf0xx.s
      At line 142 in file User\startup_fm33lf0xx.s

__user_initial_stackheap 00000010

Symbol: __user_initial_stackheap
   Definitions
      At line 218 in file User\startup_fm33lf0xx.s
   Uses
      At line 217 in file User\startup_fm33lf0xx.s
Comment: __user_initial_stackheap used once
41 symbols



ARM Macro Assembler    Page 1 Alphabetic symbol ordering
Absolute symbols

Heap_Size 00000800

Symbol: Heap_Size
   Definitions
      At line 20 in file User\startup_fm33lf0xx.s
   Uses
      At line 24 in file User\startup_fm33lf0xx.s
      At line 222 in file User\startup_fm33lf0xx.s

Stack_Size 00000800

Symbol: Stack_Size
   Definitions
      At line 9 in file User\startup_fm33lf0xx.s
   Uses
      At line 12 in file User\startup_fm33lf0xx.s
      At line 221 in file User\startup_fm33lf0xx.s

__Vectors_Size 000000C0

Symbol: __Vectors_Size
   Definitions
      At line 90 in file User\startup_fm33lf0xx.s
   Uses
      At line 36 in file User\startup_fm33lf0xx.s
Comment: __Vectors_Size used once
3 symbols



ARM Macro Assembler    Page 1 Alphabetic symbol ordering
External symbols

__main 00000000

Symbol: __main
   Definitions
      At line 100 in file User\startup_fm33lf0xx.s
   Uses
      At line 103 in file User\startup_fm33lf0xx.s
Comment: __main used once
__use_two_region_memory 00000000

Symbol: __use_two_region_memory
   Definitions
      At line 216 in file User\startup_fm33lf0xx.s
   Uses
      None
Comment: __use_two_region_memory unused
2 symbols
392 symbols in table
